{
  "Cucumber Features": {
    "coverage": {
      "/home/ubuntu/workspace/hw-bdd-tdd-cycle/hw4/app/models/movie.rb": [
        1,
        1,
        15,
        null,
        null,
        null
      ],
      "/home/ubuntu/workspace/hw-bdd-tdd-cycle/hw4/app/controllers/movies_controller.rb": [
        1,
        null,
        1,
        1,
        null,
        null,
        1,
        4,
        4,
        null,
        null,
        null,
        1,
        2,
        2,
        2,
        1,
        null,
        null,
        1,
        1,
        null,
        null,
        1,
        15,
        15,
        null,
        2,
        null,
        2,
        null,
        15,
        15,
        null,
        15,
        42,
        null,
        null,
        15,
        4,
        4,
        4,
        null,
        11,
        null,
        null,
        1,
        null,
        null,
        null,
        1,
        0,
        0,
        0,
        null,
        null,
        1,
        1,
        null,
        null,
        1,
        1,
        1,
        1,
        1,
        null,
        null,
        1,
        1,
        1,
        1,
        1,
        null,
        null,
        null
      ],
      "/home/ubuntu/workspace/hw-bdd-tdd-cycle/hw4/app/controllers/application_controller.rb": [
        1,
        1,
        null
      ],
      "/home/ubuntu/workspace/hw-bdd-tdd-cycle/hw4/app/helpers/application_helper.rb": [
        1,
        null
      ],
      "/home/ubuntu/workspace/hw-bdd-tdd-cycle/hw4/app/helpers/movies_helper.rb": [
        1,
        null,
        1,
        0,
        null,
        null
      ]
    },
    "timestamp": 1449321877
  },
  "RSpec": {
    "coverage": {
      "/home/ubuntu/workspace/hw-bdd-tdd-cycle/hw4/app/helpers/application_helper.rb": [
        1,
        null
      ],
      "/home/ubuntu/workspace/hw-bdd-tdd-cycle/hw4/app/helpers/movies_helper.rb": [
        1,
        null,
        1,
        0,
        null,
        null
      ],
      "/home/ubuntu/workspace/hw-bdd-tdd-cycle/hw4/app/controllers/movies_controller.rb": [
        1,
        null,
        1,
        0,
        null,
        null,
        1,
        0,
        0,
        null,
        null,
        null,
        1,
        0,
        0,
        0,
        0,
        null,
        null,
        0,
        0,
        null,
        null,
        1,
        0,
        0,
        null,
        0,
        null,
        0,
        null,
        0,
        0,
        null,
        0,
        0,
        null,
        null,
        0,
        0,
        0,
        0,
        null,
        0,
        null,
        null,
        1,
        null,
        null,
        null,
        1,
        0,
        0,
        0,
        null,
        null,
        1,
        0,
        null,
        null,
        1,
        0,
        0,
        0,
        0,
        null,
        null,
        1,
        0,
        0,
        0,
        0,
        null,
        null,
        null
      ],
      "/home/ubuntu/workspace/hw-bdd-tdd-cycle/hw4/app/controllers/application_controller.rb": [
        1,
        1,
        null
      ],
      "/home/ubuntu/workspace/hw-bdd-tdd-cycle/hw4/app/models/movie.rb": [
        1,
        1,
        0,
        null,
        null,
        null
      ]
    },
    "timestamp": 1449322719
  }
}
